argv 1 -product
argv 3 -srs_gen_hw
argv 5 -prj
argv 7 -idb
argv 9 -isrs
argv 11 -curimpl
argv 13 -write_fdc
argv 14 -log
argv 15 C:\Users\User\OneDrive\Desktop\Microship_ECE552\Introduction_Tut\Logic_Analyzer\AXI_Handshaking_Tut\synthesis\axi_debug\identify.log
argv 16 -tsl
argv 18 -fidc
argv 1 -product
argv 3 -srs_gen_hw
argv 5 -prj
argv 7 -idb
argv 9 -isrs
argv 11 -curimpl
argv 13 -write_fdc
argv 14 -log
argv 15 C:\Users\User\OneDrive\Desktop\Microship_ECE552\Introduction_Tut\Logic_Analyzer\AXI_Handshaking_Tut\synthesis\axi_debug\identify.log
argv 16 -tsl
argv 18 -fidc
