Resource Usage Report for top 

Mapping to part: mpfs095tfcvg784-1
Cell usage:
CLKINT          4 uses
UJTAG           1 use
CFG1           19 uses
CFG2           133 uses
CFG3           229 uses
CFG4           248 uses

Carry cells:
ARI1            58 uses - used for arithmetic functions


Sequential Cells: 
SLE            755 uses

DSP Blocks:    0 of 292 (0%)

I/O ports: 14
I/O primitives: 9
INBUF          5 uses
OUTBUF         4 uses


Global Clock Buffers: 4

Total LUTs:    687

Extra resources required for RAM and MACC_PA interface logic during P&R:

RAM64X12 Interface Logic : SLEs = 0; LUTs = 0;
RAM1K20  Interface Logic : SLEs = 72; LUTs = 72;
MACC_PA     Interface Logic : SLEs = 0; LUTs = 0;
MACC_PA_BC_ROM     Interface Logic : SLEs = 0; LUTs = 0;

Total number of SLEs after P&R:  755 + 0 + 72 + 0 = 827;
Total number of LUTs after P&R:  687 + 0 + 72 + 0 = 759;

