Compile Report
Microchip Technology Inc. - Microchip Libero Software Release v2024.1 (Version 2024.1.0.3)
Date: Thu Jul 25 10:54:28 2024

Device Selection
+------------------------+--------------+
| Family                 | PolarFireSoC |
| Device                 | MPFS095T     |
| Package                | FCSG325      |
| Speed Grade            | -1           |
| Core Voltage           | 1.0V         |
| Part Range             | EXT          |
| Default I/O technology | LVCMOS 1.8V  |
+------------------------+--------------+

Source Files
+---------+--------------------------------------------------------------------------------------------------------------------------------+
| Topcell | top                                                                                                                            |
| Format  | Verilog                                                                                                                        |
| Source  | C:\Users\User\OneDrive\Desktop\Microship_ECE552\Introduction_Tut\Logic_Analyzer\AXI_Handshaking_Tut\synthesis\axi_debug\top.vm |
+---------+--------------------------------------------------------------------------------------------------------------------------------+

Options
+----------------------------------------------------+----+
| Limit the number of high fanout nets to display to | 10 |
+----------------------------------------------------+----+

Resource Usage
+---------------------------+------+-------+------------+
| Type                      | Used | Total | Percentage |
+---------------------------+------+-------+------------+
| 4LUT                      | 780  | 93516 | 0.83       |
| DFF                       | 827  | 93516 | 0.88       |
| I/O Register              | 0    | 240   | 0.00       |
| User I/O                  | 9    | 80    | 11.25      |
| -- Single-ended I/O       | 9    | 80    | 11.25      |
| -- Differential I/O Pairs | 0    | 40    | 0.00       |
| uSRAM                     | 0    | 876   | 0.00       |
| LSRAM                     | 2    | 308   | 0.65       |
| Math                      | 0    | 292   | 0.00       |
| H-Chip Global             | 4    | 48    | 8.33       |
| PLL                       | 0    | 8     | 0.00       |
| DLL                       | 0    | 8     | 0.00       |
| UJTAG                     | 1    | 1     | 100.00     |
| Transceiver Lanes         | 0    | 2     | 0.00       |
| Transceiver PCIe          | 0    | 2     | 0.00       |
| ICB_CLKINT                | 1    | 68    | 1.47       |
| MSS                       | 0    | 1     | 0.00       |
+---------------------------+------+-------+------------+

Detailed Logic Resource Usage
+-----------------------+------+-----+
| Type                  | 4LUT | DFF |
+-----------------------+------+-----+
| Fabric Logic          | 708  | 755 |
| uSRAM Interface Logic | 0    | 0   |
| LSRAM Interface Logic | 72   | 72  |
| Math Interface Logic  | 0    | 0   |
| Total Used            | 780  | 827 |
+-----------------------+------+-----+

Detailed Carry Chains Resource Usage
+--------+------+
| Length | Used |
| 9      | 2    |
| 10     | 4    |
| Total  | 6    |
+--------+------+

I/O Function
+-------------------------------+--------------+-------------+-----------------+
| Type                          | w/o register | w/ register | w/ DDR register |
+-------------------------------+--------------+-------------+-----------------+
| Input I/O                     | 5            | 0           | 0               |
| Output I/O                    | 4            | 0           | 0               |
| Bidirectional I/O             | 0            | 0           | 0               |
| Differential Input I/O Pairs  | 0            | 0           | 0               |
| Differential Output I/O Pairs | 0            | 0           | 0               |
+-------------------------------+--------------+-------------+-----------------+

Nets assigned to chip global resources
+--------+---------+------------------------------------------------------------------------------+
| Fanout | Type    | Name                                                                         |
+--------+---------+------------------------------------------------------------------------------+
| 450    | INT_NET | Net   : ident_coreinst/IICE_regular_comm2iice[11]                            |
|        |         | Driver: ident_coreinst/comm_block_INST/jtagi/jtag_clkint_prim/U0_RGB1        |
|        |         | Source: NETLIST                                                              |
| 254    | INT_NET | Net   : NN_1                                                                 |
|        |         | Driver: I_1/U0_RGB1                                                          |
|        |         | Source: NETLIST                                                              |
| 46     | INT_NET | Net   : ident_coreinst/IICE_regular_comm2iice[8]                             |
|        |         | Driver: ident_coreinst/comm_block_INST/jtagi/b9_nv_oQwfYF_RNIVIS37/U0_RGB1   |
|        |         | Source: NETLIST                                                              |
| 9      | INT_NET | Net   : ident_coreinst/comm_block_INST/hcr_update                            |
|        |         | Driver: ident_coreinst/comm_block_INST/jtagi/b10_8Kz_rKlrtX_RNIBCIE5/U0_RGB1 |
|        |         | Source: NETLIST                                                              |
+--------+---------+------------------------------------------------------------------------------+

Nets assigned to row global resources
+--------+------+------+
| Fanout | Type | Name |
+--------+------+------+
+--------+------+------+

High fanout nets
+--------+---------+-------------------------------------------------------------------------------------+
| Fanout | Type    | Name                                                                                |
+--------+---------+-------------------------------------------------------------------------------------+
| 108    | INT_NET | Net   : ident_coreinst/IICE_regular_comm2iice[9]                                    |
|        |         | Driver: ident_coreinst/comm_block_INST/jtagi/b10_nv_ywKMm9X                         |
| 58     | INT_NET | Net   : ident_coreinst/output_leds_INST/b5_nUTGT/b6_nfs_IF[1]                       |
|        |         | Driver: ident_coreinst/output_leds_INST/b5_nUTGT/cntrl_chain/genblk1.b3_nfs[1]      |
| 57     | INT_NET | Net   : ident_coreinst/IICE_INST/b5_nUTGT/b6_nfs_IF[1]                              |
|        |         | Driver: ident_coreinst/IICE_INST/b5_nUTGT/cntrl_chain/genblk1.b3_nfs[1]             |
| 36     | INT_NET | Net   : ident_coreinst/output_leds_INST/b5_voSc3                                    |
|        |         | Driver: ident_coreinst/output_leds_INST/b5_nUTGT/b12_voSc3_gmasbb                   |
| 33     | INT_NET | Net   : ident_coreinst/IICE_INST/b5_voSc3                                           |
|        |         | Driver: ident_coreinst/IICE_INST/b5_nUTGT/b12_voSc3_gmasbb                          |
| 33     | INT_NET | Net   : ident_coreinst/comm_block_INST/b9_ORb_xNywD/b3_ORb_0_sqmuxa_Z               |
|        |         | Driver: ident_coreinst/comm_block_INST/b9_ORb_xNywD/b3_ORb_0_sqmuxa                 |
| 32     | INT_NET | Net   : ident_coreinst/IICE_INST/b3_SoW/virOut/b13_PLF_2grFt_FH9_136                |
|        |         | Driver: ident_coreinst/IICE_INST/b3_SoW/virOut/genblk1.b13_PLF_2grFt_FH9_136        |
| 32     | INT_NET | Net   : ident_coreinst/output_leds_INST/b3_SoW/virOut/b13_PLF_2grFt_FH9_200         |
|        |         | Driver: ident_coreinst/output_leds_INST/b3_SoW/virOut/genblk1.b13_PLF_2grFt_FH9_200 |
| 32     | INT_NET | Net   : ident_coreinst/comm_block_INST/b9_ORb_xNywD/un1_b3_ORb10_1_or               |
|        |         | Driver: ident_coreinst/comm_block_INST/b9_ORb_xNywD/b3_ORb_0_sqmuxa_RNIICR78        |
| 31     | INT_NET | Net   : ident_coreinst/IICE_INST/b3_SoW/virOut/b13_PLF_2grFt_FH9_or[14]             |
|        |         | Driver: ident_coreinst/IICE_INST/b3_SoW/virOut/genblk1.b13_PLF_2grFt_FH9_or[14]     |
+--------+---------+-------------------------------------------------------------------------------------+

High fanout nets (through buffer trees)
+--------+---------+-------------------------------------------------------------------------------------+
| Fanout | Type    | Name                                                                                |
+--------+---------+-------------------------------------------------------------------------------------+
| 108    | INT_NET | Net   : ident_coreinst/IICE_regular_comm2iice[9]                                    |
|        |         | Driver: ident_coreinst/comm_block_INST/jtagi/b10_nv_ywKMm9X                         |
| 58     | INT_NET | Net   : ident_coreinst/output_leds_INST/b5_nUTGT/b6_nfs_IF[1]                       |
|        |         | Driver: ident_coreinst/output_leds_INST/b5_nUTGT/cntrl_chain/genblk1.b3_nfs[1]      |
| 57     | INT_NET | Net   : ident_coreinst/IICE_INST/b5_nUTGT/b6_nfs_IF[1]                              |
|        |         | Driver: ident_coreinst/IICE_INST/b5_nUTGT/cntrl_chain/genblk1.b3_nfs[1]             |
| 36     | INT_NET | Net   : ident_coreinst/output_leds_INST/b5_voSc3                                    |
|        |         | Driver: ident_coreinst/output_leds_INST/b5_nUTGT/b12_voSc3_gmasbb                   |
| 33     | INT_NET | Net   : ident_coreinst/IICE_INST/b5_voSc3                                           |
|        |         | Driver: ident_coreinst/IICE_INST/b5_nUTGT/b12_voSc3_gmasbb                          |
| 33     | INT_NET | Net   : ident_coreinst/comm_block_INST/b9_ORb_xNywD/b3_ORb_0_sqmuxa_Z               |
|        |         | Driver: ident_coreinst/comm_block_INST/b9_ORb_xNywD/b3_ORb_0_sqmuxa                 |
| 32     | INT_NET | Net   : ident_coreinst/IICE_INST/b3_SoW/virOut/b13_PLF_2grFt_FH9_136                |
|        |         | Driver: ident_coreinst/IICE_INST/b3_SoW/virOut/genblk1.b13_PLF_2grFt_FH9_136        |
| 32     | INT_NET | Net   : ident_coreinst/output_leds_INST/b3_SoW/virOut/b13_PLF_2grFt_FH9_200         |
|        |         | Driver: ident_coreinst/output_leds_INST/b3_SoW/virOut/genblk1.b13_PLF_2grFt_FH9_200 |
| 32     | INT_NET | Net   : ident_coreinst/comm_block_INST/b9_ORb_xNywD/un1_b3_ORb10_1_or               |
|        |         | Driver: ident_coreinst/comm_block_INST/b9_ORb_xNywD/b3_ORb_0_sqmuxa_RNIICR78        |
| 31     | INT_NET | Net   : ident_coreinst/IICE_INST/b3_SoW/virOut/b13_PLF_2grFt_FH9_or[14]             |
|        |         | Driver: ident_coreinst/IICE_INST/b3_SoW/virOut/genblk1.b13_PLF_2grFt_FH9_or[14]     |
+--------+---------+-------------------------------------------------------------------------------------+

