Resource Usage Report for OLED_interface_synth 

Mapping to part: mpfs095tfcvg784-1
Cell usage:
CLKINT          2 uses
CFG1           6 uses
CFG2           493 uses
CFG3           151 uses
CFG4           231 uses

Carry cells:
ARI1            59 uses - used for arithmetic functions
ARI1            58 uses - used for Wide-Mux implementation
Total ARI1      117 uses


Sequential Cells: 
SLE            565 uses

DSP Blocks:    0 of 292 (0%)

I/O ports: 14
I/O primitives: 14
INBUF          6 uses
OUTBUF         8 uses


Global Clock Buffers: 2

Total LUTs:    998

Extra resources required for RAM and MACC_PA interface logic during P&R:

RAM64X12 Interface Logic : SLEs = 0; LUTs = 0;
RAM1K20  Interface Logic : SLEs = 0; LUTs = 0;
MACC_PA     Interface Logic : SLEs = 0; LUTs = 0;
MACC_PA_BC_ROM     Interface Logic : SLEs = 0; LUTs = 0;

Total number of SLEs after P&R:  565 + 0 + 0 + 0 = 565;
Total number of LUTs after P&R:  998 + 0 + 0 + 0 = 998;

