********************************************************************
I/O Bank Report - Date: Thu Jul 25 11:43:44 2024
Product: Designer
Release: v2024.1
Version: 2024.1.0.3
Design Name: top
Family: PolarFireSoC
Die: MPFS095T
Package: FCSG325
********************************************************************


I/O Function:

    Type                                  | w/o register  | w/ register  | w/ DDR register
    --------------------------------------|---------------|--------------|----------------
    Input I/O                             | 5             | 0            | 0
    Output I/O                            | 4             | 0            | 0
    Bidirectional I/O                     | 0             | 0            | 0
    Differential Input I/O Pairs          | 0             | 0            | 0
    Differential Output I/O Pairs         | 0             | 0            | 0

I/O Technology:

                                    |   Voltages    |             I/Os              
    --------------------------------|-------|-------|-------|--------|--------------
    I/O Standard(s)                 | Vddi  | Vref  | Input | Output | Bidirectional
    --------------------------------|-------|-------|-------|--------|--------------
    LVCMOS18                        | 1.80v | N/A   | 5     | 4      | 0            

I/O Bank Resource Usage:

          |   Voltages    | Single I/Os  | Diff I/O Pairs |        Vref I/Os        |  Type   
          |-------|-------|------|-------|-------|--------|------|-------|----------|---------
          | Vddi  | Vref  | Used | Total | Used  | Total  | Used | Total | Vref Pins|         
    ------|-------|-------|------|-------|-------|--------|------|-------|----------|---------
    Bank0 | 1.80v | N/A   | 9    | 32    | 0     | 16     | N/A  | N/A   | N/A      | HSIO    
    Bank1 | N/A   | N/A   | 0    | 48    | 0     | 24     | N/A  | N/A   | N/A      | GPIO    
    Bank2 | N/A   | N/A   | 0    | 24    | 0     | 0      | N/A  | N/A   | N/A      | MSS_IO  
    Bank3 | 3.30v | N/A   | 0    | 0     | 0     | 0      | N/A  | N/A   | N/A      | JTAG    
    Bank4 | N/A   | N/A   | 0    | 14    | 0     | 0      | N/A  | N/A   | N/A      | MSS_IO  
    Bank5 | N/A   | N/A   | 0    | 10    | 0     | 0      | N/A  | N/A   | N/A      | MSS_SGMII_IO
    Bank6 | N/A   | N/A   | 0    | 54    | 0     | 0      | N/A  | N/A   | N/A      | MSS_DDR_IO
    Bank7 | N/A   | N/A   | 0    | 0     | 0     | 0      | N/A  | N/A   | N/A      | GPIO    
    Bank8 | N/A   | N/A   | 0    | 0     | 0     | 0      | N/A  | N/A   | N/A      | HSIO    
    Bank9 | N/A   | N/A   | 0    | 0     | 0     | 0      | N/A  | N/A   | N/A      | GPIO    

I/O Voltage Usage:

       Voltages    |     I/Os     
    -------|-------|------|-------
     Vddi  | Vref  | Used | Total 
    -------|-------|------|-------
     1.80v | N/A   | 9    | 32    
     3.30v | N/A   | 0    | 0     

