Resource Usage Report for mydesign 

Mapping to part: mpfs095tfcvg784-1
Cell usage:
AND2            2 uses
CLKINT          2 uses
PLL             1 use
CFG1           13 uses
CFG2           25 uses
CFG3           7 uses
CFG4           18 uses

Carry cells:
ARI1            70 uses - used for arithmetic functions


Sequential Cells: 
SLE            120 uses

DSP Blocks:    0 of 292 (0%)

I/O ports: 41
I/O primitives: 41
INBUF          3 uses
OUTBUF         38 uses


Global Clock Buffers: 2

Total LUTs:    133

Extra resources required for RAM and MACC_PA interface logic during P&R:

RAM64X12 Interface Logic : SLEs = 0; LUTs = 0;
RAM1K20  Interface Logic : SLEs = 36; LUTs = 36;
MACC_PA     Interface Logic : SLEs = 0; LUTs = 0;
MACC_PA_BC_ROM     Interface Logic : SLEs = 0; LUTs = 0;

Total number of SLEs after P&R:  120 + 0 + 36 + 0 = 156;
Total number of LUTs after P&R:  133 + 0 + 36 + 0 = 169;

