
Copyright (C) 1994-2023 Synopsys, Inc.
This Synopsys software and all associated documentation are proprietary to Synopsys, Inc.
and may only be used pursuant to the terms and conditions of a written license agreement
with Synopsys, Inc. All other use, reproduction, modification, or distribution of the
Synopsys software or the associated documentation is strictly prohibited.
Tool: Synplify Pro (R)
Build: V-2023.09M
Install: C:\Microchip\Libero_SoC_v2024.1\SynplifyPro
OS: Windows 10 or later
Hostname: HAMAS

Implementation : synthesis
Synopsys HDL compiler and linker, Version comp202309synp1, Build 146R, Built Jan  4 2024 08:15:03, @

Modified Files: 3
FID:  path (prevtimestamp, timestamp)
5        C:\Users\User\OneDrive\Desktop\Microship_ECE552\GIT_Microchip\LED_Blinker_SmartDesign\component\MSS_syn_comps.v (2024-07-25 02:27:44, 2024-07-25 02:28:20)
6        C:\Users\User\OneDrive\Desktop\Microship_ECE552\GIT_Microchip\LED_Blinker_SmartDesign\component\polarfire_syn_comps.v (2024-07-25 02:27:44, 2024-07-25 02:28:20)
9        C:\Users\User\OneDrive\Desktop\Microship_ECE552\GIT_Microchip\LED_Blinker_SmartDesign\component\work\top\top.v (2024-07-25 02:22:01, 2024-07-25 02:28:13)

*******************************************************************
Modules that may have changed as a result of file changes: 78
MID:  lib.cell.view
0        work.APBM.verilog may have changed because the following files changed:
                        C:\Users\User\OneDrive\Desktop\Microship_ECE552\GIT_Microchip\LED_Blinker_SmartDesign\component\polarfire_syn_comps.v (2024-07-25 02:27:44, 2024-07-25 02:28:20) <-- (module definition)
                        C:\Users\User\OneDrive\Desktop\Microship_ECE552\GIT_Microchip\LED_Blinker_SmartDesign\component\work\top\top.v (2024-07-25 02:22:01, 2024-07-25 02:28:13) <-- (may instantiate this module)
1        work.APBS.verilog may have changed because the following files changed:
                        C:\Users\User\OneDrive\Desktop\Microship_ECE552\GIT_Microchip\LED_Blinker_SmartDesign\component\polarfire_syn_comps.v (2024-07-25 02:27:44, 2024-07-25 02:28:20) <-- (module definition)
                        C:\Users\User\OneDrive\Desktop\Microship_ECE552\GIT_Microchip\LED_Blinker_SmartDesign\component\work\top\top.v (2024-07-25 02:22:01, 2024-07-25 02:28:13) <-- (may instantiate this module)
2        work.BANKCTRLM.verilog may have changed because the following files changed:
                        C:\Users\User\OneDrive\Desktop\Microship_ECE552\GIT_Microchip\LED_Blinker_SmartDesign\component\polarfire_syn_comps.v (2024-07-25 02:27:44, 2024-07-25 02:28:20) <-- (module definition)
                        C:\Users\User\OneDrive\Desktop\Microship_ECE552\GIT_Microchip\LED_Blinker_SmartDesign\component\work\top\top.v (2024-07-25 02:22:01, 2024-07-25 02:28:13) <-- (may instantiate this module)
3        work.BANKCTRL_GPIO.verilog may have changed because the following files changed:
                        C:\Users\User\OneDrive\Desktop\Microship_ECE552\GIT_Microchip\LED_Blinker_SmartDesign\component\polarfire_syn_comps.v (2024-07-25 02:27:44, 2024-07-25 02:28:20) <-- (module definition)
                        C:\Users\User\OneDrive\Desktop\Microship_ECE552\GIT_Microchip\LED_Blinker_SmartDesign\component\work\top\top.v (2024-07-25 02:22:01, 2024-07-25 02:28:13) <-- (may instantiate this module)
4        work.BANKCTRL_HSIO.verilog may have changed because the following files changed:
                        C:\Users\User\OneDrive\Desktop\Microship_ECE552\GIT_Microchip\LED_Blinker_SmartDesign\component\polarfire_syn_comps.v (2024-07-25 02:27:44, 2024-07-25 02:28:20) <-- (module definition)
                        C:\Users\User\OneDrive\Desktop\Microship_ECE552\GIT_Microchip\LED_Blinker_SmartDesign\component\work\top\top.v (2024-07-25 02:22:01, 2024-07-25 02:28:13) <-- (may instantiate this module)
5        work.BANKEN.verilog may have changed because the following files changed:
                        C:\Users\User\OneDrive\Desktop\Microship_ECE552\GIT_Microchip\LED_Blinker_SmartDesign\component\polarfire_syn_comps.v (2024-07-25 02:27:44, 2024-07-25 02:28:20) <-- (module definition)
                        C:\Users\User\OneDrive\Desktop\Microship_ECE552\GIT_Microchip\LED_Blinker_SmartDesign\component\work\top\top.v (2024-07-25 02:22:01, 2024-07-25 02:28:13) <-- (may instantiate this module)
6        work.CLKBUF_DIFF.verilog may have changed because the following files changed:
                        C:\Users\User\OneDrive\Desktop\Microship_ECE552\GIT_Microchip\LED_Blinker_SmartDesign\component\polarfire_syn_comps.v (2024-07-25 02:27:44, 2024-07-25 02:28:20) <-- (module definition)
                        C:\Users\User\OneDrive\Desktop\Microship_ECE552\GIT_Microchip\LED_Blinker_SmartDesign\component\work\top\top.v (2024-07-25 02:22:01, 2024-07-25 02:28:13) <-- (may instantiate this module)
7        work.CLKBUF_DIFF_ODT.verilog may have changed because the following files changed:
                        C:\Users\User\OneDrive\Desktop\Microship_ECE552\GIT_Microchip\LED_Blinker_SmartDesign\component\polarfire_syn_comps.v (2024-07-25 02:27:44, 2024-07-25 02:28:20) <-- (module definition)
                        C:\Users\User\OneDrive\Desktop\Microship_ECE552\GIT_Microchip\LED_Blinker_SmartDesign\component\work\top\top.v (2024-07-25 02:22:01, 2024-07-25 02:28:13) <-- (may instantiate this module)
8        work.CORELNKTMR_V.verilog may have changed because the following files changed:
                        C:\Users\User\OneDrive\Desktop\Microship_ECE552\GIT_Microchip\LED_Blinker_SmartDesign\component\polarfire_syn_comps.v (2024-07-25 02:27:44, 2024-07-25 02:28:20) <-- (module definition)
                        C:\Users\User\OneDrive\Desktop\Microship_ECE552\GIT_Microchip\LED_Blinker_SmartDesign\component\work\top\top.v (2024-07-25 02:22:01, 2024-07-25 02:28:13) <-- (may instantiate this module)
9        work.CRN_COMMON.verilog may have changed because the following files changed:
                        C:\Users\User\OneDrive\Desktop\Microship_ECE552\GIT_Microchip\LED_Blinker_SmartDesign\component\polarfire_syn_comps.v (2024-07-25 02:27:44, 2024-07-25 02:28:20) <-- (module definition)
                        C:\Users\User\OneDrive\Desktop\Microship_ECE552\GIT_Microchip\LED_Blinker_SmartDesign\component\work\top\top.v (2024-07-25 02:22:01, 2024-07-25 02:28:13) <-- (may instantiate this module)
10       work.CRN_INT.verilog may have changed because the following files changed:
                        C:\Users\User\OneDrive\Desktop\Microship_ECE552\GIT_Microchip\LED_Blinker_SmartDesign\component\polarfire_syn_comps.v (2024-07-25 02:27:44, 2024-07-25 02:28:20) <-- (module definition)
                        C:\Users\User\OneDrive\Desktop\Microship_ECE552\GIT_Microchip\LED_Blinker_SmartDesign\component\work\top\top.v (2024-07-25 02:22:01, 2024-07-25 02:28:13) <-- (may instantiate this module)
11       work.CRYPTO.verilog may have changed because the following files changed:
                        C:\Users\User\OneDrive\Desktop\Microship_ECE552\GIT_Microchip\LED_Blinker_SmartDesign\component\polarfire_syn_comps.v (2024-07-25 02:27:44, 2024-07-25 02:28:20) <-- (module definition)
                        C:\Users\User\OneDrive\Desktop\Microship_ECE552\GIT_Microchip\LED_Blinker_SmartDesign\component\work\top\top.v (2024-07-25 02:22:01, 2024-07-25 02:28:13) <-- (may instantiate this module)
12       work.CRYPTO_SOC.verilog may have changed because the following files changed:
                        C:\Users\User\OneDrive\Desktop\Microship_ECE552\GIT_Microchip\LED_Blinker_SmartDesign\component\polarfire_syn_comps.v (2024-07-25 02:27:44, 2024-07-25 02:28:20) <-- (module definition)
                        C:\Users\User\OneDrive\Desktop\Microship_ECE552\GIT_Microchip\LED_Blinker_SmartDesign\component\work\top\top.v (2024-07-25 02:22:01, 2024-07-25 02:28:13) <-- (may instantiate this module)
13       work.DEBUG.verilog may have changed because the following files changed:
                        C:\Users\User\OneDrive\Desktop\Microship_ECE552\GIT_Microchip\LED_Blinker_SmartDesign\component\polarfire_syn_comps.v (2024-07-25 02:27:44, 2024-07-25 02:28:20) <-- (module definition)
                        C:\Users\User\OneDrive\Desktop\Microship_ECE552\GIT_Microchip\LED_Blinker_SmartDesign\component\work\top\top.v (2024-07-25 02:22:01, 2024-07-25 02:28:13) <-- (may instantiate this module)
14       work.DLL.verilog may have changed because the following files changed:
                        C:\Users\User\OneDrive\Desktop\Microship_ECE552\GIT_Microchip\LED_Blinker_SmartDesign\component\polarfire_syn_comps.v (2024-07-25 02:27:44, 2024-07-25 02:28:20) <-- (module definition)
                        C:\Users\User\OneDrive\Desktop\Microship_ECE552\GIT_Microchip\LED_Blinker_SmartDesign\component\work\top\top.v (2024-07-25 02:22:01, 2024-07-25 02:28:13) <-- (may instantiate this module)
15       work.DRI.verilog may have changed because the following files changed:
                        C:\Users\User\OneDrive\Desktop\Microship_ECE552\GIT_Microchip\LED_Blinker_SmartDesign\component\polarfire_syn_comps.v (2024-07-25 02:27:44, 2024-07-25 02:28:20) <-- (module definition)
                        C:\Users\User\OneDrive\Desktop\Microship_ECE552\GIT_Microchip\LED_Blinker_SmartDesign\component\work\top\top.v (2024-07-25 02:22:01, 2024-07-25 02:28:13) <-- (may instantiate this module)
16       work.ENFORCE.verilog may have changed because the following files changed:
                        C:\Users\User\OneDrive\Desktop\Microship_ECE552\GIT_Microchip\LED_Blinker_SmartDesign\component\polarfire_syn_comps.v (2024-07-25 02:27:44, 2024-07-25 02:28:20) <-- (module definition)
                        C:\Users\User\OneDrive\Desktop\Microship_ECE552\GIT_Microchip\LED_Blinker_SmartDesign\component\work\top\top.v (2024-07-25 02:22:01, 2024-07-25 02:28:13) <-- (may instantiate this module)
17       work.GLITCHDETECT.verilog may have changed because the following files changed:
                        C:\Users\User\OneDrive\Desktop\Microship_ECE552\GIT_Microchip\LED_Blinker_SmartDesign\component\polarfire_syn_comps.v (2024-07-25 02:27:44, 2024-07-25 02:28:20) <-- (module definition)
                        C:\Users\User\OneDrive\Desktop\Microship_ECE552\GIT_Microchip\LED_Blinker_SmartDesign\component\work\top\top.v (2024-07-25 02:22:01, 2024-07-25 02:28:13) <-- (may instantiate this module)
18       work.GPSS_COMMON.verilog may have changed because the following files changed:
                        C:\Users\User\OneDrive\Desktop\Microship_ECE552\GIT_Microchip\LED_Blinker_SmartDesign\component\polarfire_syn_comps.v (2024-07-25 02:27:44, 2024-07-25 02:28:20) <-- (module definition)
                        C:\Users\User\OneDrive\Desktop\Microship_ECE552\GIT_Microchip\LED_Blinker_SmartDesign\component\work\top\top.v (2024-07-25 02:22:01, 2024-07-25 02:28:13) <-- (may instantiate this module)
19       work.HS_IO_CLK.verilog may have changed because the following files changed:
                        C:\Users\User\OneDrive\Desktop\Microship_ECE552\GIT_Microchip\LED_Blinker_SmartDesign\component\polarfire_syn_comps.v (2024-07-25 02:27:44, 2024-07-25 02:28:20) <-- (module definition)
                        C:\Users\User\OneDrive\Desktop\Microship_ECE552\GIT_Microchip\LED_Blinker_SmartDesign\component\work\top\top.v (2024-07-25 02:22:01, 2024-07-25 02:28:13) <-- (may instantiate this module)
20       work.ICB_BANKCLK.verilog may have changed because the following files changed:
                        C:\Users\User\OneDrive\Desktop\Microship_ECE552\GIT_Microchip\LED_Blinker_SmartDesign\component\polarfire_syn_comps.v (2024-07-25 02:27:44, 2024-07-25 02:28:20) <-- (module definition)
                        C:\Users\User\OneDrive\Desktop\Microship_ECE552\GIT_Microchip\LED_Blinker_SmartDesign\component\work\top\top.v (2024-07-25 02:22:01, 2024-07-25 02:28:13) <-- (may instantiate this module)
21       work.ICB_CLKDIV.verilog may have changed because the following files changed:
                        C:\Users\User\OneDrive\Desktop\Microship_ECE552\GIT_Microchip\LED_Blinker_SmartDesign\component\polarfire_syn_comps.v (2024-07-25 02:27:44, 2024-07-25 02:28:20) <-- (module definition)
                        C:\Users\User\OneDrive\Desktop\Microship_ECE552\GIT_Microchip\LED_Blinker_SmartDesign\component\work\top\top.v (2024-07-25 02:22:01, 2024-07-25 02:28:13) <-- (may instantiate this module)
22       work.ICB_CLKDIVDELAY.verilog may have changed because the following files changed:
                        C:\Users\User\OneDrive\Desktop\Microship_ECE552\GIT_Microchip\LED_Blinker_SmartDesign\component\polarfire_syn_comps.v (2024-07-25 02:27:44, 2024-07-25 02:28:20) <-- (module definition)
                        C:\Users\User\OneDrive\Desktop\Microship_ECE552\GIT_Microchip\LED_Blinker_SmartDesign\component\work\top\top.v (2024-07-25 02:22:01, 2024-07-25 02:28:13) <-- (may instantiate this module)
23       work.ICB_CLKINT.verilog may have changed because the following files changed:
                        C:\Users\User\OneDrive\Desktop\Microship_ECE552\GIT_Microchip\LED_Blinker_SmartDesign\component\polarfire_syn_comps.v (2024-07-25 02:27:44, 2024-07-25 02:28:20) <-- (module definition)
                        C:\Users\User\OneDrive\Desktop\Microship_ECE552\GIT_Microchip\LED_Blinker_SmartDesign\component\work\top\top.v (2024-07-25 02:22:01, 2024-07-25 02:28:13) <-- (may instantiate this module)
24       work.ICB_CLKSTOP.verilog may have changed because the following files changed:
                        C:\Users\User\OneDrive\Desktop\Microship_ECE552\GIT_Microchip\LED_Blinker_SmartDesign\component\polarfire_syn_comps.v (2024-07-25 02:27:44, 2024-07-25 02:28:20) <-- (module definition)
                        C:\Users\User\OneDrive\Desktop\Microship_ECE552\GIT_Microchip\LED_Blinker_SmartDesign\component\work\top\top.v (2024-07-25 02:22:01, 2024-07-25 02:28:13) <-- (may instantiate this module)
25       work.ICB_CLKSTOP_EN.verilog may have changed because the following files changed:
                        C:\Users\User\OneDrive\Desktop\Microship_ECE552\GIT_Microchip\LED_Blinker_SmartDesign\component\polarfire_syn_comps.v (2024-07-25 02:27:44, 2024-07-25 02:28:20) <-- (module definition)
                        C:\Users\User\OneDrive\Desktop\Microship_ECE552\GIT_Microchip\LED_Blinker_SmartDesign\component\work\top\top.v (2024-07-25 02:22:01, 2024-07-25 02:28:13) <-- (may instantiate this module)
26       work.ICB_INT.verilog may have changed because the following files changed:
                        C:\Users\User\OneDrive\Desktop\Microship_ECE552\GIT_Microchip\LED_Blinker_SmartDesign\component\polarfire_syn_comps.v (2024-07-25 02:27:44, 2024-07-25 02:28:20) <-- (module definition)
                        C:\Users\User\OneDrive\Desktop\Microship_ECE552\GIT_Microchip\LED_Blinker_SmartDesign\component\work\top\top.v (2024-07-25 02:22:01, 2024-07-25 02:28:13) <-- (may instantiate this module)
27       work.ICB_MUXING.verilog may have changed because the following files changed:
                        C:\Users\User\OneDrive\Desktop\Microship_ECE552\GIT_Microchip\LED_Blinker_SmartDesign\component\polarfire_syn_comps.v (2024-07-25 02:27:44, 2024-07-25 02:28:20) <-- (module definition)
                        C:\Users\User\OneDrive\Desktop\Microship_ECE552\GIT_Microchip\LED_Blinker_SmartDesign\component\work\top\top.v (2024-07-25 02:22:01, 2024-07-25 02:28:13) <-- (may instantiate this module)
28       work.ICB_NGMUX.verilog may have changed because the following files changed:
                        C:\Users\User\OneDrive\Desktop\Microship_ECE552\GIT_Microchip\LED_Blinker_SmartDesign\component\polarfire_syn_comps.v (2024-07-25 02:27:44, 2024-07-25 02:28:20) <-- (module definition)
                        C:\Users\User\OneDrive\Desktop\Microship_ECE552\GIT_Microchip\LED_Blinker_SmartDesign\component\work\top\top.v (2024-07-25 02:22:01, 2024-07-25 02:28:13) <-- (may instantiate this module)
29       work.INIT.verilog may have changed because the following files changed:
                        C:\Users\User\OneDrive\Desktop\Microship_ECE552\GIT_Microchip\LED_Blinker_SmartDesign\component\polarfire_syn_comps.v (2024-07-25 02:27:44, 2024-07-25 02:28:20) <-- (module definition)
                        C:\Users\User\OneDrive\Desktop\Microship_ECE552\GIT_Microchip\LED_Blinker_SmartDesign\component\work\top\top.v (2024-07-25 02:22:01, 2024-07-25 02:28:13) <-- (may instantiate this module)
30       work.IOD.verilog may have changed because the following files changed:
                        C:\Users\User\OneDrive\Desktop\Microship_ECE552\GIT_Microchip\LED_Blinker_SmartDesign\component\polarfire_syn_comps.v (2024-07-25 02:27:44, 2024-07-25 02:28:20) <-- (module definition)
                        C:\Users\User\OneDrive\Desktop\Microship_ECE552\GIT_Microchip\LED_Blinker_SmartDesign\component\work\top\top.v (2024-07-25 02:22:01, 2024-07-25 02:28:13) <-- (may instantiate this module)
31       work.LANECTRL.verilog may have changed because the following files changed:
                        C:\Users\User\OneDrive\Desktop\Microship_ECE552\GIT_Microchip\LED_Blinker_SmartDesign\component\polarfire_syn_comps.v (2024-07-25 02:27:44, 2024-07-25 02:28:20) <-- (module definition)
                        C:\Users\User\OneDrive\Desktop\Microship_ECE552\GIT_Microchip\LED_Blinker_SmartDesign\component\work\top\top.v (2024-07-25 02:22:01, 2024-07-25 02:28:13) <-- (may instantiate this module)
32       work.LANERST.verilog may have changed because the following files changed:
                        C:\Users\User\OneDrive\Desktop\Microship_ECE552\GIT_Microchip\LED_Blinker_SmartDesign\component\polarfire_syn_comps.v (2024-07-25 02:27:44, 2024-07-25 02:28:20) <-- (module definition)
                        C:\Users\User\OneDrive\Desktop\Microship_ECE552\GIT_Microchip\LED_Blinker_SmartDesign\component\work\top\top.v (2024-07-25 02:22:01, 2024-07-25 02:28:13) <-- (may instantiate this module)
33       work.MSS.verilog may have changed because the following files changed:
                        C:\Users\User\OneDrive\Desktop\Microship_ECE552\GIT_Microchip\LED_Blinker_SmartDesign\component\MSS_syn_comps.v (2024-07-25 02:27:44, 2024-07-25 02:28:20) <-- (module definition)
34       work.OSC_RC160MHZ.verilog may have changed because the following files changed:
                        C:\Users\User\OneDrive\Desktop\Microship_ECE552\GIT_Microchip\LED_Blinker_SmartDesign\component\polarfire_syn_comps.v (2024-07-25 02:27:44, 2024-07-25 02:28:20) <-- (module definition)
                        C:\Users\User\OneDrive\Desktop\Microship_ECE552\GIT_Microchip\LED_Blinker_SmartDesign\component\work\top\top.v (2024-07-25 02:22:01, 2024-07-25 02:28:13) <-- (may instantiate this module)
35       work.OSC_RC200MHZ.verilog may have changed because the following files changed:
                        C:\Users\User\OneDrive\Desktop\Microship_ECE552\GIT_Microchip\LED_Blinker_SmartDesign\component\polarfire_syn_comps.v (2024-07-25 02:27:44, 2024-07-25 02:28:20) <-- (module definition)
                        C:\Users\User\OneDrive\Desktop\Microship_ECE552\GIT_Microchip\LED_Blinker_SmartDesign\component\work\top\top.v (2024-07-25 02:22:01, 2024-07-25 02:28:13) <-- (may instantiate this module)
36       work.OSC_RC2MHZ.verilog may have changed because the following files changed:
                        C:\Users\User\OneDrive\Desktop\Microship_ECE552\GIT_Microchip\LED_Blinker_SmartDesign\component\polarfire_syn_comps.v (2024-07-25 02:27:44, 2024-07-25 02:28:20) <-- (module definition)
                        C:\Users\User\OneDrive\Desktop\Microship_ECE552\GIT_Microchip\LED_Blinker_SmartDesign\component\work\top\top.v (2024-07-25 02:22:01, 2024-07-25 02:28:13) <-- (may instantiate this module)
37       work.PCIE.verilog may have changed because the following files changed:
                        C:\Users\User\OneDrive\Desktop\Microship_ECE552\GIT_Microchip\LED_Blinker_SmartDesign\component\polarfire_syn_comps.v (2024-07-25 02:27:44, 2024-07-25 02:28:20) <-- (module definition)
                        C:\Users\User\OneDrive\Desktop\Microship_ECE552\GIT_Microchip\LED_Blinker_SmartDesign\component\work\top\top.v (2024-07-25 02:22:01, 2024-07-25 02:28:13) <-- (may instantiate this module)
38       work.PCIE_COMMON.verilog may have changed because the following files changed:
                        C:\Users\User\OneDrive\Desktop\Microship_ECE552\GIT_Microchip\LED_Blinker_SmartDesign\component\polarfire_syn_comps.v (2024-07-25 02:27:44, 2024-07-25 02:28:20) <-- (module definition)
                        C:\Users\User\OneDrive\Desktop\Microship_ECE552\GIT_Microchip\LED_Blinker_SmartDesign\component\work\top\top.v (2024-07-25 02:22:01, 2024-07-25 02:28:13) <-- (may instantiate this module)
39       work.PFSOC_SCSM.verilog may have changed because the following files changed:
                        C:\Users\User\OneDrive\Desktop\Microship_ECE552\GIT_Microchip\LED_Blinker_SmartDesign\component\polarfire_syn_comps.v (2024-07-25 02:27:44, 2024-07-25 02:28:20) <-- (module definition)
                        C:\Users\User\OneDrive\Desktop\Microship_ECE552\GIT_Microchip\LED_Blinker_SmartDesign\component\work\top\top.v (2024-07-25 02:22:01, 2024-07-25 02:28:13) <-- (may instantiate this module)
40       work.PF_CCC_C0.verilog may have changed because the following files changed:
                        C:\Users\User\OneDrive\Desktop\Microship_ECE552\GIT_Microchip\LED_Blinker_SmartDesign\component\work\top\top.v (2024-07-25 02:22:01, 2024-07-25 02:28:13) <-- (may instantiate this module)
41       work.PF_CCC_C0_PF_CCC_C0_0_PF_CCC.verilog may have changed because the following files changed:
                        C:\Users\User\OneDrive\Desktop\Microship_ECE552\GIT_Microchip\LED_Blinker_SmartDesign\component\work\top\top.v (2024-07-25 02:22:01, 2024-07-25 02:28:13) <-- (may instantiate this module)
42       work.PF_SPI.verilog may have changed because the following files changed:
                        C:\Users\User\OneDrive\Desktop\Microship_ECE552\GIT_Microchip\LED_Blinker_SmartDesign\component\polarfire_syn_comps.v (2024-07-25 02:27:44, 2024-07-25 02:28:20) <-- (module definition)
                        C:\Users\User\OneDrive\Desktop\Microship_ECE552\GIT_Microchip\LED_Blinker_SmartDesign\component\work\top\top.v (2024-07-25 02:22:01, 2024-07-25 02:28:13) <-- (may instantiate this module)
43       work.PLL.verilog may have changed because the following files changed:
                        C:\Users\User\OneDrive\Desktop\Microship_ECE552\GIT_Microchip\LED_Blinker_SmartDesign\component\polarfire_syn_comps.v (2024-07-25 02:27:44, 2024-07-25 02:28:20) <-- (module definition)
                        C:\Users\User\OneDrive\Desktop\Microship_ECE552\GIT_Microchip\LED_Blinker_SmartDesign\component\work\top\top.v (2024-07-25 02:22:01, 2024-07-25 02:28:13) <-- (may instantiate this module)
44       work.QUADRST.verilog may have changed because the following files changed:
                        C:\Users\User\OneDrive\Desktop\Microship_ECE552\GIT_Microchip\LED_Blinker_SmartDesign\component\polarfire_syn_comps.v (2024-07-25 02:27:44, 2024-07-25 02:28:20) <-- (module definition)
                        C:\Users\User\OneDrive\Desktop\Microship_ECE552\GIT_Microchip\LED_Blinker_SmartDesign\component\work\top\top.v (2024-07-25 02:22:01, 2024-07-25 02:28:13) <-- (may instantiate this module)
45       work.QUADRST_PCIE.verilog may have changed because the following files changed:
                        C:\Users\User\OneDrive\Desktop\Microship_ECE552\GIT_Microchip\LED_Blinker_SmartDesign\component\polarfire_syn_comps.v (2024-07-25 02:27:44, 2024-07-25 02:28:20) <-- (module definition)
                        C:\Users\User\OneDrive\Desktop\Microship_ECE552\GIT_Microchip\LED_Blinker_SmartDesign\component\work\top\top.v (2024-07-25 02:22:01, 2024-07-25 02:28:13) <-- (may instantiate this module)
46       work.SCB.verilog may have changed because the following files changed:
                        C:\Users\User\OneDrive\Desktop\Microship_ECE552\GIT_Microchip\LED_Blinker_SmartDesign\component\polarfire_syn_comps.v (2024-07-25 02:27:44, 2024-07-25 02:28:20) <-- (module definition)
                        C:\Users\User\OneDrive\Desktop\Microship_ECE552\GIT_Microchip\LED_Blinker_SmartDesign\component\work\top\top.v (2024-07-25 02:22:01, 2024-07-25 02:28:13) <-- (may instantiate this module)
47       work.SYSCTRL_RESET_STATUS.verilog may have changed because the following files changed:
                        C:\Users\User\OneDrive\Desktop\Microship_ECE552\GIT_Microchip\LED_Blinker_SmartDesign\component\polarfire_syn_comps.v (2024-07-25 02:27:44, 2024-07-25 02:28:20) <-- (module definition)
                        C:\Users\User\OneDrive\Desktop\Microship_ECE552\GIT_Microchip\LED_Blinker_SmartDesign\component\work\top\top.v (2024-07-25 02:22:01, 2024-07-25 02:28:13) <-- (may instantiate this module)
48       work.SYSRESET.verilog may have changed because the following files changed:
                        C:\Users\User\OneDrive\Desktop\Microship_ECE552\GIT_Microchip\LED_Blinker_SmartDesign\component\polarfire_syn_comps.v (2024-07-25 02:27:44, 2024-07-25 02:28:20) <-- (module definition)
                        C:\Users\User\OneDrive\Desktop\Microship_ECE552\GIT_Microchip\LED_Blinker_SmartDesign\component\work\top\top.v (2024-07-25 02:22:01, 2024-07-25 02:28:13) <-- (may instantiate this module)
49       work.SYS_SERVICES.verilog may have changed because the following files changed:
                        C:\Users\User\OneDrive\Desktop\Microship_ECE552\GIT_Microchip\LED_Blinker_SmartDesign\component\polarfire_syn_comps.v (2024-07-25 02:27:44, 2024-07-25 02:28:20) <-- (module definition)
                        C:\Users\User\OneDrive\Desktop\Microship_ECE552\GIT_Microchip\LED_Blinker_SmartDesign\component\work\top\top.v (2024-07-25 02:22:01, 2024-07-25 02:28:13) <-- (may instantiate this module)
50       work.TAMPER.verilog may have changed because the following files changed:
                        C:\Users\User\OneDrive\Desktop\Microship_ECE552\GIT_Microchip\LED_Blinker_SmartDesign\component\polarfire_syn_comps.v (2024-07-25 02:27:44, 2024-07-25 02:28:20) <-- (module definition)
                        C:\Users\User\OneDrive\Desktop\Microship_ECE552\GIT_Microchip\LED_Blinker_SmartDesign\component\work\top\top.v (2024-07-25 02:22:01, 2024-07-25 02:28:13) <-- (may instantiate this module)
51       work.TVS.verilog may have changed because the following files changed:
                        C:\Users\User\OneDrive\Desktop\Microship_ECE552\GIT_Microchip\LED_Blinker_SmartDesign\component\polarfire_syn_comps.v (2024-07-25 02:27:44, 2024-07-25 02:28:20) <-- (module definition)
                        C:\Users\User\OneDrive\Desktop\Microship_ECE552\GIT_Microchip\LED_Blinker_SmartDesign\component\work\top\top.v (2024-07-25 02:22:01, 2024-07-25 02:28:13) <-- (may instantiate this module)
52       work.TX_PLL.verilog may have changed because the following files changed:
                        C:\Users\User\OneDrive\Desktop\Microship_ECE552\GIT_Microchip\LED_Blinker_SmartDesign\component\polarfire_syn_comps.v (2024-07-25 02:27:44, 2024-07-25 02:28:20) <-- (module definition)
                        C:\Users\User\OneDrive\Desktop\Microship_ECE552\GIT_Microchip\LED_Blinker_SmartDesign\component\work\top\top.v (2024-07-25 02:22:01, 2024-07-25 02:28:13) <-- (may instantiate this module)
53       work.UPROM.verilog may have changed because the following files changed:
                        C:\Users\User\OneDrive\Desktop\Microship_ECE552\GIT_Microchip\LED_Blinker_SmartDesign\component\polarfire_syn_comps.v (2024-07-25 02:27:44, 2024-07-25 02:28:20) <-- (module definition)
                        C:\Users\User\OneDrive\Desktop\Microship_ECE552\GIT_Microchip\LED_Blinker_SmartDesign\component\work\top\top.v (2024-07-25 02:22:01, 2024-07-25 02:28:13) <-- (may instantiate this module)
54       work.USPI.verilog may have changed because the following files changed:
                        C:\Users\User\OneDrive\Desktop\Microship_ECE552\GIT_Microchip\LED_Blinker_SmartDesign\component\polarfire_syn_comps.v (2024-07-25 02:27:44, 2024-07-25 02:28:20) <-- (module definition)
                        C:\Users\User\OneDrive\Desktop\Microship_ECE552\GIT_Microchip\LED_Blinker_SmartDesign\component\work\top\top.v (2024-07-25 02:22:01, 2024-07-25 02:28:13) <-- (may instantiate this module)
55       work.VOLTAGEDETECT.verilog may have changed because the following files changed:
                        C:\Users\User\OneDrive\Desktop\Microship_ECE552\GIT_Microchip\LED_Blinker_SmartDesign\component\polarfire_syn_comps.v (2024-07-25 02:27:44, 2024-07-25 02:28:20) <-- (module definition)
                        C:\Users\User\OneDrive\Desktop\Microship_ECE552\GIT_Microchip\LED_Blinker_SmartDesign\component\work\top\top.v (2024-07-25 02:22:01, 2024-07-25 02:28:13) <-- (may instantiate this module)
56       work.VREFBANKDYN.verilog may have changed because the following files changed:
                        C:\Users\User\OneDrive\Desktop\Microship_ECE552\GIT_Microchip\LED_Blinker_SmartDesign\component\polarfire_syn_comps.v (2024-07-25 02:27:44, 2024-07-25 02:28:20) <-- (module definition)
                        C:\Users\User\OneDrive\Desktop\Microship_ECE552\GIT_Microchip\LED_Blinker_SmartDesign\component\work\top\top.v (2024-07-25 02:22:01, 2024-07-25 02:28:13) <-- (may instantiate this module)
57       work.VREFCTRL.verilog may have changed because the following files changed:
                        C:\Users\User\OneDrive\Desktop\Microship_ECE552\GIT_Microchip\LED_Blinker_SmartDesign\component\polarfire_syn_comps.v (2024-07-25 02:27:44, 2024-07-25 02:28:20) <-- (module definition)
                        C:\Users\User\OneDrive\Desktop\Microship_ECE552\GIT_Microchip\LED_Blinker_SmartDesign\component\work\top\top.v (2024-07-25 02:22:01, 2024-07-25 02:28:13) <-- (may instantiate this module)
58       work.XCVR.verilog may have changed because the following files changed:
                        C:\Users\User\OneDrive\Desktop\Microship_ECE552\GIT_Microchip\LED_Blinker_SmartDesign\component\polarfire_syn_comps.v (2024-07-25 02:27:44, 2024-07-25 02:28:20) <-- (module definition)
                        C:\Users\User\OneDrive\Desktop\Microship_ECE552\GIT_Microchip\LED_Blinker_SmartDesign\component\work\top\top.v (2024-07-25 02:22:01, 2024-07-25 02:28:13) <-- (may instantiate this module)
59       work.XCVR_64B6XB.verilog may have changed because the following files changed:
                        C:\Users\User\OneDrive\Desktop\Microship_ECE552\GIT_Microchip\LED_Blinker_SmartDesign\component\polarfire_syn_comps.v (2024-07-25 02:27:44, 2024-07-25 02:28:20) <-- (module definition)
                        C:\Users\User\OneDrive\Desktop\Microship_ECE552\GIT_Microchip\LED_Blinker_SmartDesign\component\work\top\top.v (2024-07-25 02:22:01, 2024-07-25 02:28:13) <-- (may instantiate this module)
60       work.XCVR_8B10B.verilog may have changed because the following files changed:
                        C:\Users\User\OneDrive\Desktop\Microship_ECE552\GIT_Microchip\LED_Blinker_SmartDesign\component\polarfire_syn_comps.v (2024-07-25 02:27:44, 2024-07-25 02:28:20) <-- (module definition)
                        C:\Users\User\OneDrive\Desktop\Microship_ECE552\GIT_Microchip\LED_Blinker_SmartDesign\component\work\top\top.v (2024-07-25 02:22:01, 2024-07-25 02:28:13) <-- (may instantiate this module)
61       work.XCVR_APB_LINK.verilog may have changed because the following files changed:
                        C:\Users\User\OneDrive\Desktop\Microship_ECE552\GIT_Microchip\LED_Blinker_SmartDesign\component\polarfire_syn_comps.v (2024-07-25 02:27:44, 2024-07-25 02:28:20) <-- (module definition)
                        C:\Users\User\OneDrive\Desktop\Microship_ECE552\GIT_Microchip\LED_Blinker_SmartDesign\component\work\top\top.v (2024-07-25 02:22:01, 2024-07-25 02:28:13) <-- (may instantiate this module)
62       work.XCVR_APB_LINK_V.verilog may have changed because the following files changed:
                        C:\Users\User\OneDrive\Desktop\Microship_ECE552\GIT_Microchip\LED_Blinker_SmartDesign\component\polarfire_syn_comps.v (2024-07-25 02:27:44, 2024-07-25 02:28:20) <-- (module definition)
                        C:\Users\User\OneDrive\Desktop\Microship_ECE552\GIT_Microchip\LED_Blinker_SmartDesign\component\work\top\top.v (2024-07-25 02:22:01, 2024-07-25 02:28:13) <-- (may instantiate this module)
63       work.XCVR_APB_LINK_V2.verilog may have changed because the following files changed:
                        C:\Users\User\OneDrive\Desktop\Microship_ECE552\GIT_Microchip\LED_Blinker_SmartDesign\component\polarfire_syn_comps.v (2024-07-25 02:27:44, 2024-07-25 02:28:20) <-- (module definition)
                        C:\Users\User\OneDrive\Desktop\Microship_ECE552\GIT_Microchip\LED_Blinker_SmartDesign\component\work\top\top.v (2024-07-25 02:22:01, 2024-07-25 02:28:13) <-- (may instantiate this module)
64       work.XCVR_DUAL_PCS.verilog may have changed because the following files changed:
                        C:\Users\User\OneDrive\Desktop\Microship_ECE552\GIT_Microchip\LED_Blinker_SmartDesign\component\polarfire_syn_comps.v (2024-07-25 02:27:44, 2024-07-25 02:28:20) <-- (module definition)
                        C:\Users\User\OneDrive\Desktop\Microship_ECE552\GIT_Microchip\LED_Blinker_SmartDesign\component\work\top\top.v (2024-07-25 02:22:01, 2024-07-25 02:28:13) <-- (may instantiate this module)
65       work.XCVR_PIPE.verilog may have changed because the following files changed:
                        C:\Users\User\OneDrive\Desktop\Microship_ECE552\GIT_Microchip\LED_Blinker_SmartDesign\component\polarfire_syn_comps.v (2024-07-25 02:27:44, 2024-07-25 02:28:20) <-- (module definition)
                        C:\Users\User\OneDrive\Desktop\Microship_ECE552\GIT_Microchip\LED_Blinker_SmartDesign\component\work\top\top.v (2024-07-25 02:22:01, 2024-07-25 02:28:13) <-- (may instantiate this module)
66       work.XCVR_PIPE_AXI0.verilog may have changed because the following files changed:
                        C:\Users\User\OneDrive\Desktop\Microship_ECE552\GIT_Microchip\LED_Blinker_SmartDesign\component\polarfire_syn_comps.v (2024-07-25 02:27:44, 2024-07-25 02:28:20) <-- (module definition)
                        C:\Users\User\OneDrive\Desktop\Microship_ECE552\GIT_Microchip\LED_Blinker_SmartDesign\component\work\top\top.v (2024-07-25 02:22:01, 2024-07-25 02:28:13) <-- (may instantiate this module)
67       work.XCVR_PIPE_AXI1.verilog may have changed because the following files changed:
                        C:\Users\User\OneDrive\Desktop\Microship_ECE552\GIT_Microchip\LED_Blinker_SmartDesign\component\polarfire_syn_comps.v (2024-07-25 02:27:44, 2024-07-25 02:28:20) <-- (module definition)
                        C:\Users\User\OneDrive\Desktop\Microship_ECE552\GIT_Microchip\LED_Blinker_SmartDesign\component\work\top\top.v (2024-07-25 02:22:01, 2024-07-25 02:28:13) <-- (may instantiate this module)
68       work.XCVR_PMA.verilog may have changed because the following files changed:
                        C:\Users\User\OneDrive\Desktop\Microship_ECE552\GIT_Microchip\LED_Blinker_SmartDesign\component\polarfire_syn_comps.v (2024-07-25 02:27:44, 2024-07-25 02:28:20) <-- (module definition)
                        C:\Users\User\OneDrive\Desktop\Microship_ECE552\GIT_Microchip\LED_Blinker_SmartDesign\component\work\top\top.v (2024-07-25 02:22:01, 2024-07-25 02:28:13) <-- (may instantiate this module)
69       work.XCVR_REF_CLK.verilog may have changed because the following files changed:
                        C:\Users\User\OneDrive\Desktop\Microship_ECE552\GIT_Microchip\LED_Blinker_SmartDesign\component\polarfire_syn_comps.v (2024-07-25 02:27:44, 2024-07-25 02:28:20) <-- (module definition)
                        C:\Users\User\OneDrive\Desktop\Microship_ECE552\GIT_Microchip\LED_Blinker_SmartDesign\component\work\top\top.v (2024-07-25 02:22:01, 2024-07-25 02:28:13) <-- (may instantiate this module)
70       work.XCVR_REF_CLK_N.verilog may have changed because the following files changed:
                        C:\Users\User\OneDrive\Desktop\Microship_ECE552\GIT_Microchip\LED_Blinker_SmartDesign\component\polarfire_syn_comps.v (2024-07-25 02:27:44, 2024-07-25 02:28:20) <-- (module definition)
                        C:\Users\User\OneDrive\Desktop\Microship_ECE552\GIT_Microchip\LED_Blinker_SmartDesign\component\work\top\top.v (2024-07-25 02:22:01, 2024-07-25 02:28:13) <-- (may instantiate this module)
71       work.XCVR_REF_CLK_P.verilog may have changed because the following files changed:
                        C:\Users\User\OneDrive\Desktop\Microship_ECE552\GIT_Microchip\LED_Blinker_SmartDesign\component\polarfire_syn_comps.v (2024-07-25 02:27:44, 2024-07-25 02:28:20) <-- (module definition)
                        C:\Users\User\OneDrive\Desktop\Microship_ECE552\GIT_Microchip\LED_Blinker_SmartDesign\component\work\top\top.v (2024-07-25 02:22:01, 2024-07-25 02:28:13) <-- (may instantiate this module)
72       work.XCVR_TEST.verilog may have changed because the following files changed:
                        C:\Users\User\OneDrive\Desktop\Microship_ECE552\GIT_Microchip\LED_Blinker_SmartDesign\component\polarfire_syn_comps.v (2024-07-25 02:27:44, 2024-07-25 02:28:20) <-- (module definition)
                        C:\Users\User\OneDrive\Desktop\Microship_ECE552\GIT_Microchip\LED_Blinker_SmartDesign\component\work\top\top.v (2024-07-25 02:22:01, 2024-07-25 02:28:13) <-- (may instantiate this module)
73       work.XCVR_VV.verilog may have changed because the following files changed:
                        C:\Users\User\OneDrive\Desktop\Microship_ECE552\GIT_Microchip\LED_Blinker_SmartDesign\component\polarfire_syn_comps.v (2024-07-25 02:27:44, 2024-07-25 02:28:20) <-- (module definition)
                        C:\Users\User\OneDrive\Desktop\Microship_ECE552\GIT_Microchip\LED_Blinker_SmartDesign\component\work\top\top.v (2024-07-25 02:22:01, 2024-07-25 02:28:13) <-- (may instantiate this module)
74       work.clockDivider.verilog may have changed because the following files changed:
                        C:\Users\User\OneDrive\Desktop\Microship_ECE552\GIT_Microchip\LED_Blinker_SmartDesign\component\work\top\top.v (2024-07-25 02:22:01, 2024-07-25 02:28:13) <-- (may instantiate this module)
75       work.masterAXI.verilog may have changed because the following files changed:
                        C:\Users\User\OneDrive\Desktop\Microship_ECE552\GIT_Microchip\LED_Blinker_SmartDesign\component\work\top\top.v (2024-07-25 02:22:01, 2024-07-25 02:28:13) <-- (may instantiate this module)
76       work.slaveAXI.verilog may have changed because the following files changed:
                        C:\Users\User\OneDrive\Desktop\Microship_ECE552\GIT_Microchip\LED_Blinker_SmartDesign\component\work\top\top.v (2024-07-25 02:22:01, 2024-07-25 02:28:13) <-- (may instantiate this module)
77       work.top.verilog may have changed because the following files changed:
                        C:\Users\User\OneDrive\Desktop\Microship_ECE552\GIT_Microchip\LED_Blinker_SmartDesign\component\work\top\top.v (2024-07-25 02:22:01, 2024-07-25 02:28:13) <-- (module definition)

*******************************************************************
Unmodified files: 10
FID:  path (timestamp)
0        C:\Microchip\Libero_SoC_v2024.1\SynplifyPro\lib\generic\acg5.v (2024-01-04 11:10:06)
1        C:\Microchip\Libero_SoC_v2024.1\SynplifyPro\lib\vlog\hypermods.v (2024-01-04 11:04:40)
2        C:\Microchip\Libero_SoC_v2024.1\SynplifyPro\lib\vlog\scemi_objects.v (2024-01-04 11:04:40)
3        C:\Microchip\Libero_SoC_v2024.1\SynplifyPro\lib\vlog\scemi_pipes.svh (2024-01-04 11:04:40)
4        C:\Microchip\Libero_SoC_v2024.1\SynplifyPro\lib\vlog\umr_capim.v (2024-01-04 11:08:34)
7        C:\Users\User\OneDrive\Desktop\Microship_ECE552\GIT_Microchip\LED_Blinker_SmartDesign\component\work\PF_CCC_C0\PF_CCC_C0.v (2024-07-24 21:53:23)
8        C:\Users\User\OneDrive\Desktop\Microship_ECE552\GIT_Microchip\LED_Blinker_SmartDesign\component\work\PF_CCC_C0\PF_CCC_C0_0\PF_CCC_C0_PF_CCC_C0_0_PF_CCC.v (2024-07-24 21:53:23)
10       C:\Users\User\OneDrive\Desktop\Microship_ECE552\GIT_Microchip\LED_Blinker_SmartDesign\hdl\clockDivider.v (2024-07-25 01:53:50)
11       C:\Users\User\OneDrive\Desktop\Microship_ECE552\GIT_Microchip\LED_Blinker_SmartDesign\hdl\masterAXI.v (2024-07-25 01:53:35)
12       C:\Users\User\OneDrive\Desktop\Microship_ECE552\GIT_Microchip\LED_Blinker_SmartDesign\hdl\slaveAXI.v (2024-07-25 02:13:07)

*******************************************************************
Unchanged modules: 0
MID:  lib.cell.view
