Resource Usage Report for top 

Mapping to part: mpfs095tfcvg784-1
Cell usage:
CLKINT          3 uses
PLL             1 use
CFG1           3 uses
CFG2           5 uses
CFG4           10 uses

Carry cells:
ARI1            20 uses - used for arithmetic functions


Sequential Cells: 
SLE            29 uses

DSP Blocks:    0 of 292 (0%)

I/O ports: 9
I/O primitives: 9
INBUF          5 uses
OUTBUF         4 uses


Global Clock Buffers: 3

Total LUTs:    38

Extra resources required for RAM and MACC_PA interface logic during P&R:

RAM64X12 Interface Logic : SLEs = 0; LUTs = 0;
RAM1K20  Interface Logic : SLEs = 0; LUTs = 0;
MACC_PA     Interface Logic : SLEs = 0; LUTs = 0;
MACC_PA_BC_ROM     Interface Logic : SLEs = 0; LUTs = 0;

Total number of SLEs after P&R:  29 + 0 + 0 + 0 = 29;
Total number of LUTs after P&R:  38 + 0 + 0 + 0 = 38;

