# Reading pref.tcl
# do run.do
# INFO: Simulation library presynth already exists
# Model Technology ModelSim Microsemi Pro vmap 2023.4 Lib Mapping Utility 2023.10 Oct 10 2023
# vmap presynth presynth 
# Modifying modelsim.ini
# Model Technology ModelSim Microsemi Pro vmap 2023.4 Lib Mapping Utility 2023.10 Oct 10 2023
# vmap polarfire C:/Microchip/Libero_SoC_v2024.1/Designer/lib/modelsimpro/precompiled/vlog/polarfire 
# Modifying modelsim.ini
# Model Technology ModelSim Microsemi Pro vlog 2023.4 Compiler 2023.10 Oct 10 2023
# Start time: 00:11:20 on Jun 24,2024
# vlog -reportprogress 300 -sv -work presynth C:/Users/User/OneDrive/Desktop/Microship_ECE552/Introduction_Tut/AXI_Example/AXI_Handshaking_Tut/hdl/masterAXI.v 
# -- Compiling module masterAXI
# 
# Top level modules:
# 	masterAXI
# End time: 00:11:20 on Jun 24,2024, Elapsed time: 0:00:00
# Errors: 0, Warnings: 0
# Model Technology ModelSim Microsemi Pro vlog 2023.4 Compiler 2023.10 Oct 10 2023
# Start time: 00:11:20 on Jun 24,2024
# vlog -reportprogress 300 -sv -work presynth C:/Users/User/OneDrive/Desktop/Microship_ECE552/Introduction_Tut/AXI_Example/AXI_Handshaking_Tut/hdl/slaveAXI.v 
# -- Compiling module slaveAXI
# 
# Top level modules:
# 	slaveAXI
# End time: 00:11:20 on Jun 24,2024, Elapsed time: 0:00:00
# Errors: 0, Warnings: 0
# Model Technology ModelSim Microsemi Pro vlog 2023.4 Compiler 2023.10 Oct 10 2023
# Start time: 00:11:20 on Jun 24,2024
# vlog -reportprogress 300 -sv -work presynth C:/Users/User/OneDrive/Desktop/Microship_ECE552/Introduction_Tut/AXI_Example/AXI_Handshaking_Tut/hdl/top.v 
# -- Compiling module top
# 
# Top level modules:
# 	top
# End time: 00:11:20 on Jun 24,2024, Elapsed time: 0:00:00
# Errors: 0, Warnings: 0
# Model Technology ModelSim Microsemi Pro vlog 2023.4 Compiler 2023.10 Oct 10 2023
# Start time: 00:11:20 on Jun 24,2024
# vlog -reportprogress 300 "+incdir+C:/Users/User/OneDrive/Desktop/Microship_ECE552/Introduction_Tut/AXI_Example/AXI_Handshaking_Tut/stimulus" -sv -work presynth C:/Users/User/OneDrive/Desktop/Microship_ECE552/Introduction_Tut/AXI_Example/AXI_Handshaking_Tut/stimulus/top_tb.v 
# -- Compiling module top_tb
# 
# Top level modules:
# 	top_tb
# End time: 00:11:20 on Jun 24,2024, Elapsed time: 0:00:00
# Errors: 0, Warnings: 0
# vsim -L polarfire -L presynth -t 1ps -pli "C:/Microchip/Libero_SoC_v2024.1/Designer/lib/modelsimpro/pli/pf_crypto_win_me_pli.dll" presynth.top_tb 
# Start time: 00:11:20 on Jun 24,2024
# //  ModelSim Microsemi Pro 2023.4 Oct 10 2023
# //
# //  Copyright 1991-2023 Mentor Graphics Corporation
# //  All Rights Reserved.
# //
# //  ModelSim Microsemi Pro and its associated documentation contain trade
# //  secrets and commercial or financial information that are the property of
# //  Mentor Graphics Corporation and are privileged, confidential,
# //  and exempt from disclosure under the Freedom of Information Act,
# //  5 U.S.C. Section 552. Furthermore, this information
# //  is prohibited from disclosure under the Trade Secrets Act,
# //  18 U.S.C. Section 1905.
# //
# Loading sv_std.std
# Loading presynth.top_tb
# Loading presynth.top
# Loading presynth.masterAXI
# Loading presynth.slaveAXI
# Loading C:/Microchip/Libero_SoC_v2024.1/Designer/lib/modelsimpro/pli/pf_crypto_win_me_pli.dll
add wave -position end  sim:/top_tb/top_0/valid
add wave -position end  sim:/top_tb/top_0/dataAXI
add wave -position end  sim:/top_tb/top_0/validAXI
add wave -position end  sim:/top_tb/top_0/readyAXI
restart -f
# Loading C:/Microchip/Libero_SoC_v2024.1/Designer/lib/modelsimpro/pli/pf_crypto_win_me_pli.dll
run -all
# ** Note: $finish    : C:/Users/User/OneDrive/Desktop/Microship_ECE552/Introduction_Tut/AXI_Example/AXI_Handshaking_Tut/stimulus/top_tb.v(88)
#    Time: 11 us  Iteration: 0  Instance: /top_tb
# 1
# Break in Module top_tb at C:/Users/User/OneDrive/Desktop/Microship_ECE552/Introduction_Tut/AXI_Example/AXI_Handshaking_Tut/stimulus/top_tb.v line 88
# End time: 10:47:18 on Jun 24,2024, Elapsed time: 10:35:58
# Errors: 0, Warnings: 0
