INFO: Reading User SDC file /home/ombhilare999/omkar/UofT/summer/summer-ta/ECE532/git_repo/MPFS-Disco-Kit/MPFS_interfaces/UART_TOP/constraint/user.sdc.
INFO: The option "Abort flow if errors are found in SDC" is turned ON in Project Settings> Design flow page. The Place & Route tool will fail if errors are found in associated SDC files. Please uncheck the option to ignore the errors and continue running the tool.
 Warning: You are running a version of Suse Linux that is not supported.
 Please refer to Libero SoC Release Note for the detail of supported operating systems.

No errors or warnings found.
 Warning: You are running a version of Suse Linux that is not supported.
 Please refer to Libero SoC Release Note for the detail of supported operating systems.
INFO: The option "Abort flow if errors are found in PDC" is turned ON in Project Settings> Design flow page. The Place & Route tool will fail if errors are found in associated PDC files. Please uncheck the option to ignore the errors and continue running the tool
 Warning: You are running a version of Suse Linux that is not supported.
 Please refer to Libero SoC Release Note for the detail of supported operating systems.
***** Place and Route Configurations *****
Timing-driven            : ON
Power-driven             : OFF
I/O Register Combining   : OFF
Global Pins Demotion     : ON
Driver Replication       : OFF
High-effort              : OFF
Repair min-delay         : OFF
Incremental              : OFF
Inter-clock optimization : ON

INFO: Reading User PDC file /home/ombhilare999/omkar/UofT/summer/summer-ta/ECE532/git_repo/MPFS-Disco-Kit/MPFS_interfaces/UART_TOP/constraint/io/UART_TOP.pdc. 0 error(s) and 0 warning(s)

 Running Timing based Global Demotion.
        Demoted 0 global pins.

 Timing based Global Demotion completed successfully.

Running the I/O Bank and Globals Assigner.
Info:  Globals Assigner found no global involed in the problem.
Info:  I/O Bank and Globals Assigner identified 4 fixed I/O macros, 0 unfixed I/O macros

I/O Bank and Globals Assigner completed successfully.
Total time spent in I/O Bank and Globals Assigner: 0 seconds
 Warning: You are running a version of Suse Linux that is not supported.
 Please refer to Libero SoC Release Note for the detail of supported operating systems.

Placer V5.0 - 2024.1.0
Design: UART_TOP                        Started: Thu Jul 25 13:32:38 2024

Initializing Normal-Effort Timing-Driven Placement ...
Clustering ...
Placing ...
Improving placement ...
End of placement.

Placer Runtime Summary   :
Clustering (1 pass)      : 0 seconds
Placement                : 1 seconds
Improvement              : 0 seconds

Placer completed successfully.

Design: UART_TOP
Finished: Thu Jul 25 13:33:12 2024
Total CPU Time:     00:00:27            Total Elapsed Time: 00:00:34
Total Memory Usage: 1147.8 Mbytes
                        o - o - o - o - o - o

 Warning: You are running a version of Suse Linux that is not supported.
 Please refer to Libero SoC Release Note for the detail of supported operating systems.
 Warning: You are running a version of Suse Linux that is not supported.
 Please refer to Libero SoC Release Note for the detail of supported operating systems.

Router
Design: UART_TOP                        Started: Thu Jul 25 13:33:15 2024


Router completed successfully.

Design: UART_TOP
Finished: Thu Jul 25 13:33:29 2024
Total CPU Time:     00:00:28            Total Elapsed Time: 00:00:14
Total Memory Usage: 2042.4 Mbytes
                        o - o - o - o - o - o

Resource Usage
+---------------+------+-------+------------+
| Type          | Used | Total | Percentage |
+---------------+------+-------+------------+
| 4LUT          | 71   | 93516 | 0.08       |
| DFF           | 45   | 93516 | 0.05       |
| I/O Register  | 0    | 78    | 0.00       |
| Logic Element | 76   | 93516 | 0.08       |
+---------------+------+-------+------------+

I/O Placement
+--------+-------+------------+
| Type   | Count | Percentage |
+--------+-------+------------+
| Locked |  4    | 100.00%    |
| Placed |  0    | 0.00%      |
+--------+-------+------------+

 Warning: You are running a version of Suse Linux that is not supported.
 Please refer to Libero SoC Release Note for the detail of supported operating systems.
Completed writing pin report files.
