# ** Note: Multiple occurrences of ini variable PolarFire are found, only first occurence will be considered.
# ** Note: Multiple occurrences of ini variable PolarFire are found, only first occurence will be considered.
# Reading pref.tcl
# do run.do
# INFO: Simulation library presynth already exists
# ** Note: Multiple occurrences of ini variable PolarFire are found, only first occurence will be considered.
# ** Note: Multiple occurrences of ini variable PolarFire are found, only first occurence will be considered.
# Model Technology ModelSim Microsemi Pro vmap 2023.4 Lib Mapping Utility 2023.10 Oct 10 2023
# vmap presynth presynth 
# Modifying modelsim.ini
# ** Note: Multiple occurrences of ini variable polarfire are found, only first occurence will be considered.
# ** Note: Multiple occurrences of ini variable polarfire are found, only first occurence will be considered.
# Model Technology ModelSim Microsemi Pro vmap 2023.4 Lib Mapping Utility 2023.10 Oct 10 2023
# vmap polarfire C:/Microchip/Libero_SoC_v2024.1/Designer/lib/modelsimpro/precompiled/vlog/polarfire 
# Modifying modelsim.ini
# ** Note: Multiple occurrences of ini variable PolarFire are found, only first occurence will be considered.
# ** Note: Multiple occurrences of ini variable PolarFire are found, only first occurence will be considered.
# Model Technology ModelSim Microsemi Pro vmap 2023.4 Lib Mapping Utility 2023.10 Oct 10 2023
# vmap PolarFire C:/Microchip/Libero_SoC_v2024.1/Designer/lib/modelsimpro/precompiled/vlog/polarfire 
# Modifying modelsim.ini
# Model Technology ModelSim Microsemi Pro vlog 2023.4 Compiler 2023.10 Oct 10 2023
# Start time: 02:26:01 on Jul 25,2024
# vlog -reportprogress 300 -sv -work presynth C:/Users/User/OneDrive/Desktop/Microship_ECE552/GIT_Microchip/LED_Blinker_SmartDesign/component/work/PF_CCC_C0/PF_CCC_C0_0/PF_CCC_C0_PF_CCC_C0_0_PF_CCC.v 
# -- Compiling module PF_CCC_C0_PF_CCC_C0_0_PF_CCC
# 
# Top level modules:
# 	PF_CCC_C0_PF_CCC_C0_0_PF_CCC
# End time: 02:26:01 on Jul 25,2024, Elapsed time: 0:00:00
# Errors: 0, Warnings: 0
# Model Technology ModelSim Microsemi Pro vlog 2023.4 Compiler 2023.10 Oct 10 2023
# Start time: 02:26:01 on Jul 25,2024
# vlog -reportprogress 300 -sv -work presynth C:/Users/User/OneDrive/Desktop/Microship_ECE552/GIT_Microchip/LED_Blinker_SmartDesign/component/work/PF_CCC_C0/PF_CCC_C0.v 
# -- Compiling module PF_CCC_C0
# 
# Top level modules:
# 	PF_CCC_C0
# End time: 02:26:02 on Jul 25,2024, Elapsed time: 0:00:01
# Errors: 0, Warnings: 0
# Model Technology ModelSim Microsemi Pro vlog 2023.4 Compiler 2023.10 Oct 10 2023
# Start time: 02:26:02 on Jul 25,2024
# vlog -reportprogress 300 -sv -work presynth C:/Users/User/OneDrive/Desktop/Microship_ECE552/GIT_Microchip/LED_Blinker_SmartDesign/hdl/clockDivider.v 
# -- Compiling module clockDivider
# 
# Top level modules:
# 	clockDivider
# End time: 02:26:02 on Jul 25,2024, Elapsed time: 0:00:00
# Errors: 0, Warnings: 0
# Model Technology ModelSim Microsemi Pro vlog 2023.4 Compiler 2023.10 Oct 10 2023
# Start time: 02:26:02 on Jul 25,2024
# vlog -reportprogress 300 -sv -work presynth C:/Users/User/OneDrive/Desktop/Microship_ECE552/GIT_Microchip/LED_Blinker_SmartDesign/hdl/masterAXI.v 
# -- Compiling module masterAXI
# 
# Top level modules:
# 	masterAXI
# End time: 02:26:02 on Jul 25,2024, Elapsed time: 0:00:00
# Errors: 0, Warnings: 0
# Model Technology ModelSim Microsemi Pro vlog 2023.4 Compiler 2023.10 Oct 10 2023
# Start time: 02:26:02 on Jul 25,2024
# vlog -reportprogress 300 -sv -work presynth C:/Users/User/OneDrive/Desktop/Microship_ECE552/GIT_Microchip/LED_Blinker_SmartDesign/hdl/slaveAXI.v 
# -- Compiling module slaveAXI
# 
# Top level modules:
# 	slaveAXI
# End time: 02:26:02 on Jul 25,2024, Elapsed time: 0:00:00
# Errors: 0, Warnings: 0
# Model Technology ModelSim Microsemi Pro vlog 2023.4 Compiler 2023.10 Oct 10 2023
# Start time: 02:26:02 on Jul 25,2024
# vlog -reportprogress 300 -sv -work presynth C:/Users/User/OneDrive/Desktop/Microship_ECE552/GIT_Microchip/LED_Blinker_SmartDesign/component/work/top/top.v 
# -- Compiling module top
# 
# Top level modules:
# 	top
# End time: 02:26:02 on Jul 25,2024, Elapsed time: 0:00:00
# Errors: 0, Warnings: 0
# Model Technology ModelSim Microsemi Pro vlog 2023.4 Compiler 2023.10 Oct 10 2023
# Start time: 02:26:02 on Jul 25,2024
# vlog -reportprogress 300 "+incdir+C:/Users/User/OneDrive/Desktop/Microship_ECE552/GIT_Microchip/LED_Blinker_SmartDesign/stimulus" -sv -work presynth C:/Users/User/OneDrive/Desktop/Microship_ECE552/GIT_Microchip/LED_Blinker_SmartDesign/stimulus/top_tb.v 
# -- Compiling module top_tb
# 
# Top level modules:
# 	top_tb
# End time: 02:26:02 on Jul 25,2024, Elapsed time: 0:00:00
# Errors: 0, Warnings: 0
# vsim -L polarfire -L presynth -t 1ps -pli "C:/Microchip/Libero_SoC_v2024.1/Designer/lib/modelsimpro/pli/pf_crypto_win_me_pli.dll" presynth.top_tb 
# Start time: 02:26:02 on Jul 25,2024
# //  ModelSim Microsemi Pro 2023.4 Oct 10 2023
# //
# //  Copyright 1991-2023 Mentor Graphics Corporation
# //  All Rights Reserved.
# //
# //  ModelSim Microsemi Pro and its associated documentation contain trade
# //  secrets and commercial or financial information that are the property of
# //  Mentor Graphics Corporation and are privileged, confidential,
# //  and exempt from disclosure under the Freedom of Information Act,
# //  5 U.S.C. Section 552. Furthermore, this information
# //  is prohibited from disclosure under the Trade Secrets Act,
# //  18 U.S.C. Section 1905.
# //
# Loading sv_std.std
# Loading presynth.top_tb
# Loading presynth.top
# Loading presynth.clockDivider
# Loading presynth.masterAXI
# Loading presynth.PF_CCC_C0
# Loading presynth.PF_CCC_C0_PF_CCC_C0_0_PF_CCC
# Loading polarfire.CLKINT
# Loading polarfire.PLL
# Loading polarfire.PLL_DELAY
# Loading polarfire.PLL_DELAY_IP
# Loading polarfire.DLL_DELAY_BLOCK
# Loading polarfire.PLL_IP
# Loading polarfire.PLL_DRI_REGISTERS
# Loading polarfire.pll_lp_vco
# Loading polarfire.CCC_RF_DIV
# Loading polarfire.Freq_Divider
# Loading polarfire.Even_Divider
# Loading polarfire.Odd_Divider
# Loading polarfire.CCC_FB_DIV
# Loading polarfire.frac_divider
# Loading polarfire.freq_multiplier
# Loading polarfire.CCC_PLL
# Loading polarfire.ABISCB82
# Loading polarfire.ABI_PLL_FRONT
# Loading polarfire.refstop
# Loading polarfire.Divide_2
# Loading polarfire.ABI_PHASE
# Loading polarfire.PLL_PHASE_SELECT
# Loading polarfire.PF_PLLUM28HLPMFFRAC_postdiv_pd_sync
# Loading polarfire.PF_PLLUM28HLPMFFRAC_divsw8
# Loading polarfire.PF_PLLUM28HLPMFFRAC_tff_st1x_loadb
# Loading polarfire.PF_PLLUM28HLPMFFRAC_cmosdiv_2to127
# Loading polarfire.PF_PLLUM28HLPMFFRAC_ffbrx1cstm
# Loading polarfire.PF_PLLUM28HLPMFFRAC_latchx1cstmb
# Loading polarfire.PF_PLLUM28HLPMFFRAC_ffqbibrbx1cstm
# Loading polarfire.CCC_POST_DIV
# Loading polarfire.CCC_POSTDIVEN_SYNC
# Loading polarfire.div2
# Loading polarfire.CCC_8X1_MUX
# Loading polarfire.CCC_2X1_MUX
# Loading polarfire.VCC
# Loading polarfire.GND
# Loading presynth.slaveAXI
# Loading polarfire.UDP_GBLAT_T
# Loading C:/Microchip/Libero_SoC_v2024.1/Designer/lib/modelsimpro/pli/pf_crypto_win_me_pli.dll
run -all
# End time: 02:27:06 on Jul 25,2024, Elapsed time: 0:01:04
# Errors: 0, Warnings: 0
