Resource Usage Report for UART_TOP 

Mapping to part: mpfs095tfcvg784-1
Cell usage:
CLKINT          1 use
CFG2           13 uses
CFG3           18 uses
CFG4           36 uses

Carry cells:
ARI1            0 uses - used for arithmetic functions
ARI1            4 uses - used for Wide-Mux implementation
Total ARI1      4 uses


Sequential Cells: 
SLE            45 uses

DSP Blocks:    0 of 292 (0%)

I/O ports: 4
I/O primitives: 4
INBUF          3 uses
OUTBUF         1 use


Global Clock Buffers: 1

Total LUTs:    71

Extra resources required for RAM and MACC_PA interface logic during P&R:

RAM64X12 Interface Logic : SLEs = 0; LUTs = 0;
RAM1K20  Interface Logic : SLEs = 0; LUTs = 0;
MACC_PA     Interface Logic : SLEs = 0; LUTs = 0;
MACC_PA_BC_ROM     Interface Logic : SLEs = 0; LUTs = 0;

Total number of SLEs after P&R:  45 + 0 + 0 + 0 = 45;
Total number of LUTs after P&R:  71 + 0 + 0 + 0 = 71;

