1721159684 -15:54:44 -17629453 -ipcClient::Reconnect params
Hostname:  127.0.0.1
Port:      58109
Logfile:   C:/Users/User/OneDrive/Desktop/Microship_ECE552/Introduction_Tut/Logic_Analyzer/AXI_Handshaking_Tut/synthesis/ipc_tcp_microsemi_40840_2789137728352.log
Reconnect: 0
Use ipv6:  0

1721159684 -15:54:44 -10035 -::HaveSocketEvent, wait for ::select
1721159684 -15:54:44 -10035 -::HaveSocketEvent, timeout for select: tv.tv_sec: 0 tv.tv_usec: 600000
1721159685 -15:54:45 -0 -goto REPEAT, ::connect as unblocked, - addr_rp->ai_next == nullptr
1721159685 -15:54:45 -10035 -::HaveSocketEvent, wait for ::select
1721159685 -15:54:45 -10035 -::HaveSocketEvent, timeout for select: tv.tv_sec: 0 tv.tv_usec: 600000
1721159686 -15:54:46 -0 -goto REPEAT, ::connect as unblocked, - addr_rp->ai_next == nullptr
1721159686 -15:54:46 -10035 -::HaveSocketEvent, wait for ::select
1721159686 -15:54:46 -10035 -::HaveSocketEvent, timeout for select: tv.tv_sec: 0 tv.tv_usec: 600000
1721159687 -15:54:47 -0 -ipcClient.socket or .connect
1721159687 -15:54:47 -17629453 -ipcClient::Reconnect params
Hostname:  127.0.0.1
Port:      58109
Logfile:   C:/Users/User/OneDrive/Desktop/Microship_ECE552/Introduction_Tut/Logic_Analyzer/AXI_Handshaking_Tut/synthesis/ipc_tcp_microsemi_40840_2789137728352.log
Reconnect: 0
Use ipv6:  0

1721159687 -15:54:47 -10035 -::HaveSocketEvent, wait for ::select
1721159687 -15:54:47 -10035 -::HaveSocketEvent, timeout for select: tv.tv_sec: 15 tv.tv_usec: 0
1721159687 -15:54:47 -0 -::HaveSocketEvent, ::getpeername own: '127.0.0.1' peer: '127.0.0.1'
1721159687 -15:54:47 -10035 -::HaveSocketEvent, ::select, retval >= 0, success
1721191862 -00:51:02 -10054 -WriteSocket
1721191862 -00:51:02 -10054 -... is coming from ipcClient::WriteToSocket
