Software Version: 2024.1.0.3
Programmer 'E2008IRHPB' : JTAG TCK / SPI SCK frequency = 1 MHz
programmer 'E2008IRHPB' : FlashPro5
Opened '/home/ombhilare999/omkar/UofT/summer/summer-ta/ECE532/sensor_milestone/oled/libero_project/oled_hello/oled_try2/designer/OLED_interface_synth/OLED_interface_synth_fp/OLED_interface_synth.pro'
The 'open_project' command succeeded.
Info: Programming is already enabled for device 'MPFS095T'.
The 'enable_device' command succeeded.
PPD file '/home/ombhilare999/omkar/UofT/summer/summer-ta/ECE532/sensor_milestone/oled/libero_project/oled_hello/oled_try2/designer/OLED_interface_synth/OLED_interface_synth.ppd' has been loaded successfully.
DESIGN : OLED_interface_synth;  CHECKSUM : 291E;  PDB_VERSION : 1.0
The 'set_programming_file' command succeeded.
The 'set_programming_action' command succeeded.
programmer 'E2008IRHPB' : Scan Chain...
Programmer 'E2008IRHPB' : JTAG TCK / SPI SCK frequency = 1 MHz
programmer 'E2008IRHPB' : Check Chain...
programmer 'E2008IRHPB' : Scan and Check Chain PASSED.
programmer 'E2008IRHPB' : device 'MPFS095T' : Executing action PROGRAM
Programmer 'E2008IRHPB' : JTAG TCK / SPI SCK frequency = 4 MHz
programmer 'E2008IRHPB' : device 'MPFS095T' : EXPORT Algo_version[16] = 0002
programmer 'E2008IRHPB' : device 'MPFS095T' : EXPORT IDCODE[32] = 0f8181cf
programmer 'E2008IRHPB' : device 'MPFS095T' : EXPORT ISC_ENABLE_RESULT[32] = 00000000
programmer 'E2008IRHPB' : device 'MPFS095T' : EXPORT CRCERR[1] = 0
programmer 'E2008IRHPB' : device 'MPFS095T' : Programming Mode: JTAG
programmer 'E2008IRHPB' : device 'MPFS095T' : Programming FPGA Array and sNVM...
programmer 'E2008IRHPB' : device 'MPFS095T' : EXPORT BITS component bitstream digest[256] = 584f74c77f21a67759e49dfa0fb13932175513fd28f14e8e38f85233a6fcfe90
programmer 'E2008IRHPB' : device 'MPFS095T' : EXPORT Fabric component bitstream digest[256] = 464895d03aeca31243c421274fc8a1157414f681706b566ae2bd2df17c677fb6
programmer 'E2008IRHPB' : device 'MPFS095T' : EXPORT sNVM component bitstream digest[256] = b0a9e2be29f47fa951a6a131a8dd9a9016e5ba87de5833c742b7f654428ea6e7
programmer 'E2008IRHPB' : device 'MPFS095T' : EXPORT EOB component bitstream digest[256] = 84e07dba727232bcfa8e22971c0eaf202f7ee307ea28c3ce4020a98650481ee9
programmer 'E2008IRHPB' : device 'MPFS095T' : ===================================================================================
programmer 'E2008IRHPB' : device 'MPFS095T' : EXPORT DSN[128] = 8014c12cb85ed30fea8548418a1d2078
programmer 'E2008IRHPB' : device 'MPFS095T' : ===================================================================================
programmer 'E2008IRHPB' : device 'MPFS095T' : Finished: Mon Jul 22 23:14:46 2024 (Elapsed time 00:01:13)
programmer 'E2008IRHPB' : device 'MPFS095T' : Executing action PROGRAM PASSED.
programmer 'E2008IRHPB' : Chain programming PASSED.
Chain Programming Finished: Mon Jul 22 23:14:46 2024 (Elapsed time 00:01:13)

                        o - o - o - o - o - o

The 'run_selected_actions' command succeeded.
Project saved.
The 'save_project' command succeeded.
Project closed.
The 'close_project' command succeeded.
The Execute Script command succeeded.
