1721917529 -10:25:29 -17629453 -ipcClient::Reconnect params
Hostname:  127.0.0.1
Port:      58109
Logfile:   C:/Users/User/OneDrive/Desktop/Microship_ECE552/GIT_Microchip/LED_Blinker_Logic_Analyzer/synthesis/ipc_tcp_microsemi_14828_1454240281072.log
Reconnect: 0
Use ipv6:  0

1721917529 -10:25:29 -10035 -::HaveSocketEvent, wait for ::select
1721917529 -10:25:29 -10035 -::HaveSocketEvent, timeout for select: tv.tv_sec: 0 tv.tv_usec: 600000
1721917530 -10:25:30 -0 -goto REPEAT, ::connect as unblocked, - addr_rp->ai_next == nullptr
1721917530 -10:25:30 -10035 -::HaveSocketEvent, wait for ::select
1721917530 -10:25:30 -10035 -::HaveSocketEvent, timeout for select: tv.tv_sec: 0 tv.tv_usec: 600000
1721917531 -10:25:31 -0 -goto REPEAT, ::connect as unblocked, - addr_rp->ai_next == nullptr
1721917531 -10:25:31 -10035 -::HaveSocketEvent, wait for ::select
1721917531 -10:25:31 -10035 -::HaveSocketEvent, timeout for select: tv.tv_sec: 0 tv.tv_usec: 600000
1721917532 -10:25:32 -0 -ipcClient.socket or .connect
1721917532 -10:25:32 -17629453 -ipcClient::Reconnect params
Hostname:  127.0.0.1
Port:      58109
Logfile:   C:/Users/User/OneDrive/Desktop/Microship_ECE552/GIT_Microchip/LED_Blinker_Logic_Analyzer/synthesis/ipc_tcp_microsemi_14828_1454240281072.log
Reconnect: 0
Use ipv6:  0

1721917532 -10:25:32 -10035 -::HaveSocketEvent, wait for ::select
1721917532 -10:25:32 -10035 -::HaveSocketEvent, timeout for select: tv.tv_sec: 15 tv.tv_usec: 0
1721917533 -10:25:33 -0 -::HaveSocketEvent, ::getpeername own: '127.0.0.1' peer: '127.0.0.1'
1721917533 -10:25:33 -10035 -::HaveSocketEvent, ::select, retval >= 0, success
