argv 1 -product
argv 3 top_syn.prj
argv 1 C:\Microchip\Libero_SoC_v2024.1\SynplifyPro\lib
argv 2 -tsl
argv 4 -idb
argv 6 -prj
argv 8 -curimpl
argv 10 -product
argv 1 -product
argv 3 -tsl
argv 5 -idb
argv 7 -synplify_install
argv 9 -synplify_tool
argv 11 -log
argv 12 C:/Users/User/OneDrive/Desktop/Microship_ECE552/GIT_Microchip/LED_Blinker_Logic_Analyzer/synthesis/Hanshaking_Test/synlog/top_identify_compile.log
argv 13 -family
argv 14 PolarFireSoC
argv 15 -prj
argv 17 -curimpl
argv 19 -dbgimpl
argv 20 Hanshaking_Test
argv 21 -fver
argv 23 -idc
argv 25 -f
argv 27 -jobname
argv 29 -ppid
argv 1 -product
argv 3 top_syn.prj
argv 1 -product
argv 3 top_syn.prj
argv 1 C:\Microchip\Libero_SoC_v2024.1\SynplifyPro\lib
argv 2 -tsl
argv 4 -idb
argv 6 -prj
argv 8 -curimpl
argv 10 -product
argv 1 -product
argv 3 -tsl
argv 5 -idb
argv 7 -synplify_install
argv 9 -synplify_tool
argv 11 -log
argv 12 C:/Users/User/OneDrive/Desktop/Microship_ECE552/GIT_Microchip/LED_Blinker_Logic_Analyzer/synthesis/Hanshaking_Test/synlog/top_identify_compile.log
argv 13 -family
argv 14 PolarFireSoC
argv 15 -prj
argv 17 -curimpl
argv 19 -dbgimpl
argv 20 Hanshaking_Test
argv 21 -fver
argv 23 -idc
argv 25 -f
argv 27 -jobname
argv 29 -ppid
argv 1 -product
argv 3 top_syn.prj
argv 1 -product
argv 3 top_syn.prj
argv 1 C:\Microchip\Libero_SoC_v2024.1\SynplifyPro\lib
argv 2 -tsl
argv 4 -idb
argv 6 -prj
argv 8 -curimpl
argv 10 -product
argv 1 -product
argv 3 -tsl
argv 5 -idb
argv 7 -synplify_install
argv 9 -synplify_tool
argv 11 -log
argv 12 C:/Users/User/OneDrive/Desktop/Microship_ECE552/GIT_Microchip/LED_Blinker_Logic_Analyzer/synthesis/Hanshaking_Test/synlog/top_identify_compile.log
argv 13 -family
argv 14 PolarFireSoC
argv 15 -prj
argv 17 -curimpl
argv 19 -dbgimpl
argv 20 Hanshaking_Test
argv 21 -fver
argv 23 -idc
argv 25 -f
argv 27 -jobname
argv 29 -ppid
argv 1 -product
argv 3 -tsl
argv 5 -idb
argv 7 -synplify_install
argv 9 -synplify_tool
argv 11 -log
argv 12 C:/Users/User/OneDrive/Desktop/Microship_ECE552/GIT_Microchip/LED_Blinker_Logic_Analyzer/synthesis/Hanshaking_Test/synlog/top_identify_compile.log
argv 13 -family
argv 14 PolarFireSoC
argv 15 -prj
argv 17 -curimpl
argv 19 -dbgimpl
argv 20 Hanshaking_Test
argv 21 -fver
argv 23 -idc
argv 25 -f
argv 27 -jobname
argv 29 -ppid
argv 1 -product
argv 3 -tsl
argv 5 -idb
argv 7 -synplify_install
argv 9 -synplify_tool
argv 11 -log
argv 12 C:/Users/User/OneDrive/Desktop/Microship_ECE552/GIT_Microchip/LED_Blinker_Logic_Analyzer/synthesis/Hanshaking_Test/synlog/top_identify_compile.log
argv 13 -family
argv 14 PolarFireSoC
argv 15 -prj
argv 17 -curimpl
argv 19 -dbgimpl
argv 20 Hanshaking_Test
argv 21 -fver
argv 23 -idc
argv 25 -f
argv 27 -jobname
argv 29 -ppid
argv 1 -product
argv 3 top_syn.prj
argv 1 -product
argv 3 top_syn.prj
argv 1 C:\Microchip\Libero_SoC_v2024.1\SynplifyPro\lib
argv 2 -tsl
argv 4 -idb
argv 6 -prj
argv 8 -curimpl
argv 10 -product
argv 1 -product
argv 3 -tsl
argv 5 -idb
argv 7 -synplify_install
argv 9 -synplify_tool
argv 11 -log
argv 12 C:/Users/User/OneDrive/Desktop/Microship_ECE552/GIT_Microchip/LED_Blinker_Logic_Analyzer/synthesis/Hanshaking_Test/synlog/top_identify_compile.log
argv 13 -family
argv 14 PolarFireSoC
argv 15 -prj
argv 17 -curimpl
argv 19 -dbgimpl
argv 20 Hanshaking_Test
argv 21 -fver
argv 23 -idc
argv 25 -f
argv 27 -jobname
argv 29 -ppid
argv 1 -product
argv 3 -tsl
argv 5 -idb
argv 7 -synplify_install
argv 9 -synplify_tool
argv 11 -log
argv 12 C:/Users/User/OneDrive/Desktop/Microship_ECE552/GIT_Microchip/LED_Blinker_Logic_Analyzer/synthesis/Hanshaking_Test/synlog/top_identify_compile.log
argv 13 -family
argv 14 PolarFireSoC
argv 15 -prj
argv 17 -curimpl
argv 19 -dbgimpl
argv 20 Hanshaking_Test
argv 21 -fver
argv 23 -idc
argv 25 -f
argv 27 -jobname
argv 29 -ppid
argv 1 C:\Microchip\Libero_SoC_v2024.1\SynplifyPro\lib
argv 2 -tsl
argv 4 -idb
argv 6 -prj
argv 8 -curimpl
argv 10 -product
argv 1 -product
argv 3 -tsl
argv 5 -idb
argv 7 -synplify_install
argv 9 -synplify_tool
argv 11 -log
argv 12 C:/Users/User/OneDrive/Desktop/Microship_ECE552/GIT_Microchip/LED_Blinker_Logic_Analyzer/synthesis/Hanshaking_Test/synlog/top_identify_compile.log
argv 13 -family
argv 14 PolarFireSoC
argv 15 -prj
argv 17 -curimpl
argv 19 -dbgimpl
argv 20 Hanshaking_Test
argv 21 -fver
argv 23 -idc
argv 25 -f
argv 27 -jobname
argv 29 -ppid
argv 1 -product
argv 3 -tsl
argv 5 -idb
argv 7 -synplify_install
argv 9 -synplify_tool
argv 11 -log
argv 12 C:/Users/User/OneDrive/Desktop/Microship_ECE552/GIT_Microchip/LED_Blinker_Logic_Analyzer/synthesis/Hanshaking_Test/synlog/top_identify_compile.log
argv 13 -family
argv 14 PolarFireSoC
argv 15 -prj
argv 17 -curimpl
argv 19 -dbgimpl
argv 20 Hanshaking_Test
argv 21 -fver
argv 23 -idc
argv 25 -f
argv 27 -jobname
argv 29 -ppid
argv 1 -product
argv 3 top_syn.prj
argv 1 -product
argv 3 top_syn.prj
